2026-01-26T03:30:51.215Z	Initializing build environment...
2026-01-26T03:30:53.541Z	Success: Finished initializing build environment
2026-01-26T03:30:53.945Z	Cloning repository...
2026-01-26T03:30:56.248Z	Detected the following tools from environment: npm@10.9.2, nodejs@22.16.0
2026-01-26T03:30:56.250Z	Restoring from dependencies cache
2026-01-26T03:30:56.253Z	Restoring from build output cache
2026-01-26T03:30:56.388Z	Installing project dependencies: npm clean-install --progress=false
2026-01-26T03:31:01.964Z	npm warn deprecated rimraf@3.0.2: Rimraf versions prior to v4 are no longer supported
2026-01-26T03:31:03.554Z	npm warn deprecated inflight@1.0.6: This module is not supported, and leaks memory. Do not use it. Check out lru-cache if you want a good and tested way to coalesce async requests by a key value, which is much more comprehensive and powerful.
2026-01-26T03:31:05.136Z	npm warn deprecated @humanwhocodes/config-array@0.13.0: Use @eslint/config-array instead
2026-01-26T03:31:05.190Z	npm warn deprecated @humanwhocodes/object-schema@2.0.3: Use @eslint/object-schema instead
2026-01-26T03:31:05.417Z	npm warn deprecated glob@7.2.3: Glob versions prior to v9 are no longer supported
2026-01-26T03:31:10.909Z	npm warn deprecated eslint@8.57.1: This version is no longer supported. Please see https://eslint.org/version-support for other options.
2026-01-26T03:31:27.531Z	npm warn deprecated next@14.2.14: This version has a security vulnerability. Please upgrade to a patched version. See https://nextjs.org/blog/security-update-2025-12-11 for more details.
2026-01-26T03:31:27.867Z	
2026-01-26T03:31:27.868Z	added 1068 packages, and audited 1069 packages in 31s
2026-01-26T03:31:27.869Z	
2026-01-26T03:31:27.869Z	336 packages are looking for funding
2026-01-26T03:31:27.869Z	  run `npm fund` for details
2026-01-26T03:31:27.989Z	
2026-01-26T03:31:27.989Z	7 vulnerabilities (3 moderate, 3 high, 1 critical)
2026-01-26T03:31:27.989Z	
2026-01-26T03:31:27.989Z	To address all issues (including breaking changes), run:
2026-01-26T03:31:27.989Z	  npm audit fix --force
2026-01-26T03:31:27.989Z	
2026-01-26T03:31:27.989Z	Run `npm audit` for details.
2026-01-26T03:31:28.246Z	Executing user build command: npm run build
2026-01-26T03:31:28.543Z	
2026-01-26T03:31:28.543Z	> hios-platform@0.1.0 build
2026-01-26T03:31:28.543Z	> next build
2026-01-26T03:31:28.544Z	
2026-01-26T03:31:29.143Z	⚠ No build cache found. Please configure build caching for faster rebuilds. Read more: https://nextjs.org/docs/messages/no-cache
2026-01-26T03:31:29.145Z	Attention: Next.js now collects completely anonymous telemetry regarding usage.
2026-01-26T03:31:29.145Z	This information is used to shape Next.js' roadmap and prioritize features.
2026-01-26T03:31:29.145Z	You can learn more, including how to opt-out if you'd not like to participate in this anonymous program, by visiting the following URL:
2026-01-26T03:31:29.145Z	https://nextjs.org/telemetry
2026-01-26T03:31:29.146Z	
2026-01-26T03:31:29.216Z	  ▲ Next.js 14.2.14
2026-01-26T03:31:29.216Z	
2026-01-26T03:31:29.280Z	   Creating an optimized production build ...
2026-01-26T03:32:14.452Z	 ✓ Compiled successfully
2026-01-26T03:32:14.458Z	   Linting and checking validity of types ...
2026-01-26T03:32:18.554Z	
2026-01-26T03:32:18.555Z	Failed to compile.
2026-01-26T03:32:18.558Z	
2026-01-26T03:32:18.558Z	./app/layout.tsx
2026-01-26T03:32:18.559Z	6:10  Error: 'theme' is defined but never used.  @typescript-eslint/no-unused-vars
2026-01-26T03:32:18.559Z	
2026-01-26T03:32:18.559Z	./app/projects/[slug]/ProjectDetailClient.tsx
2026-01-26T03:32:18.559Z	56:11  Error: 'cardBg' is assigned a value but never used.  @typescript-eslint/no-unused-vars
2026-01-26T03:32:18.559Z	196:29  Error: `"` can be escaped with `&quot;`, `&ldquo;`, `&#34;`, `&rdquo;`.  react/no-unescaped-entities
2026-01-26T03:32:18.559Z	196:44  Error: `"` can be escaped with `&quot;`, `&ldquo;`, `&#34;`, `&rdquo;`.  react/no-unescaped-entities
2026-01-26T03:32:18.560Z	
2026-01-26T03:32:18.560Z	./components/landing/PhilosophySection.tsx
2026-01-26T03:32:18.560Z	34:56  Error: `'` can be escaped with `&apos;`, `&lsquo;`, `&#39;`, `&rsquo;`.  react/no-unescaped-entities
2026-01-26T03:32:18.560Z	
2026-01-26T03:32:18.560Z	./components/landing/ProductShowcase.tsx
2026-01-26T03:32:18.560Z	4:32  Error: 'Card' is defined but never used.  @typescript-eslint/no-unused-vars
2026-01-26T03:32:18.560Z	6:8  Error: 'Image' is defined but never used.  @typescript-eslint/no-unused-vars
2026-01-26T03:32:18.560Z	
2026-01-26T03:32:18.560Z	./components/landing/ProjectsGrid.tsx
2026-01-26T03:32:18.560Z	189:49  Error: `"` can be escaped with `&quot;`, `&ldquo;`, `&#34;`, `&rdquo;`.  react/no-unescaped-entities
2026-01-26T03:32:18.561Z	189:67  Error: `"` can be escaped with `&quot;`, `&ldquo;`, `&#34;`, `&rdquo;`.  react/no-unescaped-entities
2026-01-26T03:32:18.561Z	
2026-01-26T03:32:18.561Z	info  - Need to disable some ESLint rules? Learn more here: https://nextjs.org/docs/basic-features/eslint#disabling-rules
2026-01-26T03:32:18.612Z	Failed: error occurred while running build command